<?xml version="1.0" encoding="UTF-8"?>
<testsuite name="cookbook.AppTest" tests="1" skipped="0" failures="0" errors="0" timestamp="2022-05-16T20:29:57" hostname="DESKTOP-5AU62VF" time="0.013">
  <properties/>
  <testcase name="appHasAGreeting()" classname="cookbook.AppTest" time="0.013"/>
  <system-out><![CDATA[]]></system-out>
  <system-err><![CDATA[]]></system-err>
</testsuite>
